   
   
----------------------------------------------------
 ISDNPhone control init, 14/07/2007 17.35.20
----------------------------------------------------
   
startCAPI()=Falso - failed
DTMF : no
stopCAPI
   
   
----------------------------------------------------
 ISDNPhone control init, 14/07/2007 17.35.25
----------------------------------------------------
   
startCAPI()=Falso - failed
DTMF : no
stopCAPI
   
   
----------------------------------------------------
 ISDNPhone control init, 14/07/2007 17.37.15
----------------------------------------------------
   
startCAPI()=Falso - failed
DTMF : no
stopCAPI
   
   
----------------------------------------------------
 ISDNPhone control init, 14/07/2007 17.37.23
----------------------------------------------------
   
startCAPI()=Falso - failed
DTMF : no
stopCAPI
   
   
----------------------------------------------------
 ISDNPhone control init, 14/09/2007 11.47.57
----------------------------------------------------
   
startCAPI()=Falso - failed
DTMF : no
stopCAPI
   
   
----------------------------------------------------
 ISDNPhone control init, 21/09/2007 17.33.34
----------------------------------------------------
   
startCAPI()=Falso - failed
DTMF : no
stopCAPI
stopCAPI
stopCAPI
stopCAPI
stopCAPI
stopCAPI
stopCAPI
   
   
----------------------------------------------------
 ISDNPhone control init, 02/12/2007 16.25.52
----------------------------------------------------
   
startCAPI()=Falso - failed
DTMF : no
stopCAPI
